2026-04-09 00:20:27,052 | ERROR | Unhandled Exception: 404 Not Found: The requested URL was not found on the server. If you entered the URL manually please check your spelling and try again.
2026-04-09 13:34:10,501 | ERROR | Unhandled Exception: 404 Not Found: The requested URL was not found on the server. If you entered the URL manually please check your spelling and try again.
2026-04-09 14:11:58,604 | ERROR | Unhandled Exception: 404 Not Found: The requested URL was not found on the server. If you entered the URL manually please check your spelling and try again.
2026-04-09 14:11:59,473 | ERROR | Unhandled Exception: 404 Not Found: The requested URL was not found on the server. If you entered the URL manually please check your spelling and try again.
2026-04-09 14:12:12,821 | INFO | [AUTH] action=login email=donuthole@gmail.com status=SUCCESS ip=127.0.0.1
2026-04-09 14:12:12,973 | ERROR | Unhandled Exception: 404 Not Found: The requested URL was not found on the server. If you entered the URL manually please check your spelling and try again.
2026-04-09 14:14:30,696 | INFO | [SESSION] user_id=1 action=TIMEOUT_IDLE ip=127.0.0.1 details=idle timeout
2026-04-09 14:16:38,070 | ERROR | Unhandled Exception: 404 Not Found: The requested URL was not found on the server. If you entered the URL manually please check your spelling and try again.
2026-04-09 14:16:43,519 | ERROR | Unhandled Exception: 404 Not Found: The requested URL was not found on the server. If you entered the URL manually please check your spelling and try again.
2026-04-09 14:16:54,945 | INFO | [AUTH] action=login email=donuthole@gmail.com status=SUCCESS ip=127.0.0.1
2026-04-09 14:16:55,088 | ERROR | Unhandled Exception: 404 Not Found: The requested URL was not found on the server. If you entered the URL manually please check your spelling and try again.
2026-04-09 14:18:47,777 | INFO | [SYSTEM] event=STARTUP details=debug=False ssl=True
2026-04-09 14:18:51,459 | WARNING | [SECURITY] event=404_NOT_FOUND details=path=/favicon.svg ip=127.0.0.1
2026-04-09 14:19:59,502 | INFO | [SESSION] user_id=1 action=TIMEOUT_IDLE ip=127.0.0.1 details=idle timeout
2026-04-09 14:19:59,524 | INFO | [SESSION] user_id=1 action=TIMEOUT_IDLE ip=127.0.0.1 details=idle timeout
2026-04-09 14:20:57,064 | INFO | [AUTH] action=login email=donuthole@gmail.com status=SUCCESS ip=127.0.0.1
2026-04-09 14:21:57,711 | INFO | [SESSION] user_id=1 action=TIMEOUT_IDLE ip=127.0.0.1 details=idle timeout
2026-04-09 14:29:26,249 | INFO | [SYSTEM] event=STARTUP details=debug=False ssl=True
2026-04-09 14:30:34,071 | INFO | [SYSTEM] event=STARTUP details=debug=False ssl=True
2026-04-09 14:32:47,208 | INFO | [AUTH] action=login email=donuthole@gmail.com status=SUCCESS ip=127.0.0.1
2026-04-09 14:33:47,714 | INFO | [SESSION] user_id=1 action=TIMEOUT_IDLE ip=127.0.0.1 details=idle timeout
2026-04-09 14:34:01,757 | INFO | [SYSTEM] event=STARTUP details=debug=False ssl=True
2026-04-09 14:34:29,861 | INFO | [AUTH] action=login email=donuthole@gmail.com status=SUCCESS ip=127.0.0.1
2026-04-09 14:35:30,722 | INFO | [SESSION] user_id=1 action=TIMEOUT_IDLE ip=127.0.0.1 details=idle timeout
2026-04-09 14:36:53,178 | INFO | [SYSTEM] event=STARTUP details=debug=False ssl=True
2026-04-09 14:37:53,743 | INFO | [AUTH] action=login email=donuthole@gmail.com status=SUCCESS ip=127.0.0.1
2026-04-09 14:38:54,709 | INFO | [SESSION] user_id=1 action=TIMEOUT_IDLE ip=127.0.0.1 details=idle timeout
2026-04-09 14:39:42,328 | INFO | [SYSTEM] event=STARTUP details=debug=False ssl=True
2026-04-09 14:41:19,673 | INFO | [SYSTEM] event=STARTUP details=debug=False ssl=True
2026-04-09 14:56:21,852 | ERROR | Unhandled Exception: The session is unavailable because no secret key was set.  Set the secret_key on the application to something unique and secret.
2026-04-09 14:56:22,351 | ERROR | Unhandled Exception: The session is unavailable because no secret key was set.  Set the secret_key on the application to something unique and secret.
2026-04-09 14:56:22,740 | ERROR | Unhandled Exception: The session is unavailable because no secret key was set.  Set the secret_key on the application to something unique and secret.
2026-04-09 14:56:46,299 | ERROR | Unhandled Exception: The session is unavailable because no secret key was set.  Set the secret_key on the application to something unique and secret.
2026-04-09 14:56:46,447 | ERROR | Unhandled Exception: The session is unavailable because no secret key was set.  Set the secret_key on the application to something unique and secret.
2026-04-09 14:56:46,510 | ERROR | Unhandled Exception: The session is unavailable because no secret key was set.  Set the secret_key on the application to something unique and secret.
2026-04-09 14:58:41,127 | INFO | [SYSTEM] event=STARTUP details=debug=False ssl=True
2026-04-09 14:58:54,524 | WARNING | [SECURITY] event=404_NOT_FOUND details=path=/favicon.svg ip=127.0.0.1
2026-04-09 15:04:28,203 | INFO | [SYSTEM] event=DB_CONNECTION_FAILED details=2003 (HY000): Can't connect to MySQL server on 'localhost:3306' (61)
2026-04-09 15:04:33,554 | INFO | [SYSTEM] event=DB_CONNECTION_FAILED details=2003 (HY000): Can't connect to MySQL server on 'localhost:3306' (61)
2026-04-09 15:04:47,750 | INFO | [SYSTEM] event=DB_CONNECTION_FAILED details=2003 (HY000): Can't connect to MySQL server on 'localhost:3306' (61)
2026-04-09 15:10:37,902 | INFO | [SYSTEM] event=STARTUP details=debug=False ssl=True
2026-04-09 15:10:42,436 | INFO | [SYSTEM] event=DB_CONNECTION_FAILED details=1045 (28000): Access denied for user 'root'@'localhost' (using password: YES)
2026-04-09 15:11:02,080 | INFO | [SYSTEM] event=DB_CONNECTION_FAILED details=1045 (28000): Access denied for user 'root'@'localhost' (using password: YES)
2026-04-09 15:12:01,448 | INFO | [SYSTEM] event=STARTUP details=debug=False ssl=True
2026-04-09 15:12:06,236 | INFO | [AUTH] action=login email=donuthole@gmail.com status=SUCCESS ip=127.0.0.1
2026-04-09 15:13:39,410 | INFO | [AUTH] action=logout email=None status=SUCCESS ip=127.0.0.1
2026-04-09 15:14:03,469 | INFO | [AUTH] action=login email=donuthole@gmail.com status=SUCCESS ip=127.0.0.1
2026-04-09 15:15:25,713 | WARNING | [ADMIN] admin_id=1 action=EDIT_PRODUCT target=6 details=
2026-04-09 15:15:36,896 | INFO | [TRANSACTION] user_id=1 action=ADD_TO_CART details=product_id=6
2026-04-09 15:15:39,077 | INFO | [TRANSACTION] user_id=1 action=UPDATE_CART details=increase product_id=6
2026-04-09 15:15:39,204 | INFO | [TRANSACTION] user_id=1 action=UPDATE_CART details=increase product_id=6
2026-04-09 15:15:39,322 | INFO | [TRANSACTION] user_id=1 action=UPDATE_CART details=increase product_id=6
2026-04-09 15:15:39,439 | INFO | [TRANSACTION] user_id=1 action=UPDATE_CART details=increase product_id=6
2026-04-09 15:15:39,570 | INFO | [TRANSACTION] user_id=1 action=UPDATE_CART details=increase product_id=6
2026-04-09 15:15:39,687 | INFO | [TRANSACTION] user_id=1 action=UPDATE_CART details=increase product_id=6
2026-04-09 15:15:39,805 | INFO | [TRANSACTION] user_id=1 action=UPDATE_CART details=increase product_id=6
2026-04-09 15:15:39,921 | INFO | [TRANSACTION] user_id=1 action=UPDATE_CART details=increase product_id=6
2026-04-09 15:15:40,031 | INFO | [TRANSACTION] user_id=1 action=UPDATE_CART details=increase product_id=6
2026-04-09 15:15:40,155 | INFO | [TRANSACTION] user_id=1 action=UPDATE_CART details=increase product_id=6
2026-04-09 15:15:40,257 | INFO | [TRANSACTION] user_id=1 action=UPDATE_CART details=increase product_id=6
2026-04-09 15:15:40,373 | INFO | [TRANSACTION] user_id=1 action=UPDATE_CART details=increase product_id=6
2026-04-09 15:15:40,472 | INFO | [TRANSACTION] user_id=1 action=UPDATE_CART details=increase product_id=6
2026-04-09 15:15:40,589 | INFO | [TRANSACTION] user_id=1 action=UPDATE_CART details=increase product_id=6
2026-04-09 15:15:41,191 | INFO | [TRANSACTION] user_id=1 action=UPDATE_CART details=increase product_id=6
2026-04-09 15:15:41,320 | INFO | [TRANSACTION] user_id=1 action=UPDATE_CART details=increase product_id=6
2026-04-09 15:15:41,454 | INFO | [TRANSACTION] user_id=1 action=UPDATE_CART details=increase product_id=6
2026-04-09 15:15:41,576 | INFO | [TRANSACTION] user_id=1 action=UPDATE_CART details=increase product_id=6
2026-04-09 15:15:41,706 | INFO | [TRANSACTION] user_id=1 action=UPDATE_CART details=increase product_id=6
2026-04-09 15:15:41,815 | INFO | [TRANSACTION] user_id=1 action=UPDATE_CART details=increase product_id=6
2026-04-09 15:15:41,938 | INFO | [TRANSACTION] user_id=1 action=UPDATE_CART details=increase product_id=6
2026-04-09 15:15:42,070 | INFO | [TRANSACTION] user_id=1 action=UPDATE_CART details=increase product_id=6
2026-04-09 15:15:59,590 | INFO | [TRANSACTION] user_id=1 action=CHECKOUT_INSUFFICIENT_STOCK details=product=Bundle of 6 available=20 requested=23
2026-04-09 15:15:59,591 | INFO | [TRANSACTION] user_id=1 action=CHECKOUT_FAILED details=Insufficient stock for Bundle of 6. Available: 20, Requested: 23
2026-04-09 15:16:17,291 | INFO | [TRANSACTION] user_id=1 action=CHECKOUT_INSUFFICIENT_STOCK details=product=Bundle of 6 available=20 requested=23
2026-04-09 15:16:17,292 | INFO | [TRANSACTION] user_id=1 action=CHECKOUT_FAILED details=Insufficient stock for Bundle of 6. Available: 20, Requested: 23
2026-04-09 15:19:17,019 | INFO | [AUTH] action=login email=donuthole@gmail.com status=SUCCESS ip=127.0.0.1
2026-04-09 15:19:33,181 | INFO | [TRANSACTION] user_id=1 action=CHECKOUT_INSUFFICIENT_STOCK details=product=Bundle of 6 available=20 requested=23
2026-04-09 15:19:33,183 | INFO | [TRANSACTION] user_id=1 action=CHECKOUT_FAILED details=Insufficient stock for Bundle of 6. Available: 20, Requested: 23
2026-04-09 15:19:44,540 | INFO | [SYSTEM] event=STARTUP details=debug=False ssl=True
2026-04-09 15:19:49,143 | INFO | [AUTH] action=logout email=donuthole@gmail.com status=SUCCESS ip=127.0.0.1
2026-04-09 15:19:51,483 | INFO | [AUTH] action=login email=donuthole@gmail.com status=SUCCESS ip=127.0.0.1
2026-04-09 15:20:00,957 | INFO | [TRANSACTION] user_id=1 action=CHECKOUT_INSUFFICIENT_STOCK details=product=Bundle of 6 available=20 requested=23
2026-04-09 15:20:00,959 | INFO | [TRANSACTION] user_id=1 action=CHECKOUT_FAILED details=Insufficient stock for Bundle of 6. Available: 20, Requested: 23
2026-04-09 15:20:29,848 | INFO | [TRANSACTION] user_id=1 action=UPDATE_CART details=decrease product_id=6
2026-04-09 15:20:29,967 | INFO | [TRANSACTION] user_id=1 action=UPDATE_CART details=decrease product_id=6
2026-04-09 15:20:30,097 | INFO | [TRANSACTION] user_id=1 action=UPDATE_CART details=decrease product_id=6
2026-04-09 15:20:38,743 | INFO | [TRANSACTION] user_id=1 action=CHECKOUT details=order_id=1 total=7400.0
2026-04-09 15:20:55,313 | WARNING | [ADMIN] admin_id=1 action=UPDATE_ORDER_STATUS target=1 details=status=Shipped
2026-04-09 15:23:21,077 | INFO | [AUTH] action=login email=donuthole@gmail.com status=SUCCESS ip=127.0.0.1
2026-04-09 15:27:37,147 | INFO | [AUTH] action=login email=donuthole@gmail.com status=SUCCESS ip=127.0.0.1
2026-04-09 15:27:45,764 | INFO | [AUTH] action=logout email=donuthole@gmail.com status=SUCCESS ip=127.0.0.1
2026-04-09 15:27:57,099 | INFO | [AUTH] action=login email=donuthole@gmail.com status=SUCCESS ip=127.0.0.1
2026-04-09 15:28:07,483 | INFO | [TRANSACTION] user_id=1 action=ADD_TO_CART details=product_id=1
2026-04-09 15:29:20,057 | INFO | [SYSTEM] event=STARTUP details=debug=False ssl=True
2026-04-09 15:29:35,775 | INFO | [AUTH] action=login email=donuthole@gmail.com status=SUCCESS ip=127.0.0.1
2026-04-09 15:31:42,790 | INFO | [SYSTEM] event=STARTUP details=debug=False ssl=True
2026-04-09 15:31:53,905 | INFO | [AUTH] action=login email=donuthole@gmail.com status=SUCCESS ip=127.0.0.1
2026-04-09 15:36:51,115 | INFO | [SYSTEM] event=STARTUP details=debug=False ssl=True
2026-04-09 15:36:55,724 | INFO | [AUTH] action=login email=donuthole@gmail.com status=SUCCESS ip=127.0.0.1
2026-04-09 15:37:24,790 | INFO | [SYSTEM] event=STARTUP details=debug=False ssl=True
2026-04-09 15:38:50,174 | INFO | [SYSTEM] event=STARTUP details=debug=False ssl=True
2026-04-09 15:38:58,856 | INFO | [AUTH] action=login email=donuthole@gmail.com status=SUCCESS ip=127.0.0.1
2026-04-09 15:40:30,505 | INFO | [SYSTEM] event=STARTUP details=debug=False ssl=True
2026-04-09 15:40:33,949 | INFO | [AUTH] action=login email=donuthole@gmail.com status=SUCCESS ip=127.0.0.1
2026-04-09 15:46:43,842 | INFO | [SYSTEM] event=STARTUP details=debug=False ssl=True
2026-04-09 15:46:54,426 | INFO | [AUTH] action=login email=donuthole@gmail.com status=SUCCESS ip=127.0.0.1
2026-04-09 15:50:14,148 | INFO | [SYSTEM] event=STARTUP details=debug=False ssl=True
2026-04-09 15:50:23,421 | INFO | [AUTH] action=login email=donuthole@gmail.com status=SUCCESS ip=127.0.0.1
2026-04-09 15:51:40,532 | INFO | [SYSTEM] event=STARTUP details=debug=False ssl=True
2026-04-09 15:51:46,675 | INFO | [AUTH] action=login email=donuthole@gmail.com status=SUCCESS ip=127.0.0.1
2026-04-09 21:43:16,343 | INFO | [SYSTEM] event=STARTUP details=debug=False
2026-04-09 21:56:05,629 | INFO | [SYSTEM] event=STARTUP details=debug=False
2026-04-09 21:58:16,325 | WARNING | [SECURITY] event=404_NOT_FOUND details=path=/favicon.svg ip=127.0.0.1
2026-04-09 22:38:31,304 | WARNING | [SECURITY] event=RATE_LIMIT_HIT details=endpoint=session_time_left ip=127.0.0.1
2026-04-09 22:39:31,308 | WARNING | [SECURITY] event=RATE_LIMIT_HIT details=endpoint=session_time_left ip=127.0.0.1
2026-04-09 22:40:31,305 | WARNING | [SECURITY] event=RATE_LIMIT_HIT details=endpoint=session_time_left ip=127.0.0.1
2026-04-09 22:41:31,308 | WARNING | [SECURITY] event=RATE_LIMIT_HIT details=endpoint=session_time_left ip=127.0.0.1
2026-04-09 22:42:31,306 | WARNING | [SECURITY] event=RATE_LIMIT_HIT details=endpoint=session_time_left ip=127.0.0.1
2026-04-09 22:43:31,305 | WARNING | [SECURITY] event=RATE_LIMIT_HIT details=endpoint=session_time_left ip=127.0.0.1
2026-04-09 22:44:31,313 | WARNING | [SECURITY] event=RATE_LIMIT_HIT details=endpoint=session_time_left ip=127.0.0.1
2026-04-09 22:45:31,313 | WARNING | [SECURITY] event=RATE_LIMIT_HIT details=endpoint=session_time_left ip=127.0.0.1
2026-04-09 22:46:31,320 | WARNING | [SECURITY] event=RATE_LIMIT_HIT details=endpoint=session_time_left ip=127.0.0.1
2026-04-09 22:47:31,308 | WARNING | [SECURITY] event=RATE_LIMIT_HIT details=endpoint=session_time_left ip=127.0.0.1
2026-04-10 07:15:36,625 | INFO | [SYSTEM] event=STARTUP details=debug=False
2026-04-10 07:31:51,680 | INFO | [SYSTEM] event=STARTUP details=debug=False
2026-04-10 10:23:02,740 | INFO | [AUTH] action=login email=donutsample@gmail.com status=SUCCESS ip=127.0.0.1
2026-04-10 10:23:44,151 | INFO | [AUTH] action=logout email=donutsample@gmail.com status=SUCCESS ip=127.0.0.1
2026-04-10 10:24:01,994 | INFO | [AUTH] action=login email=donuthole@gmail.com status=SUCCESS ip=127.0.0.1
2026-04-10 10:47:48,694 | INFO | [AUTH] action=logout email=donuthole@gmail.com status=SUCCESS ip=127.0.0.1
2026-04-10 10:47:59,033 | INFO | [AUTH] action=login email=donutsample@gmail.com status=SUCCESS ip=127.0.0.1
2026-04-10 10:48:26,406 | INFO | [TRANSACTION] user_id=2 action=ADD_TO_CART details=product_id=5
2026-04-10 10:54:07,826 | INFO | [TRANSACTION] user_id=2 action=UPDATE_CART details=increase product_id=5
2026-04-10 10:54:09,212 | INFO | [TRANSACTION] user_id=2 action=UPDATE_CART details=increase product_id=5
2026-04-10 10:56:51,066 | INFO | [SYSTEM] event=STARTUP details=debug=False
2026-04-10 10:57:18,063 | INFO | [SYSTEM] event=STARTUP details=debug=False
2026-04-10 10:57:21,331 | INFO | [AUTH] action=logout email=donutsample@gmail.com status=SUCCESS ip=127.0.0.1
2026-04-10 10:57:31,891 | INFO | [AUTH] action=login email=donutsample@gmail.com status=SUCCESS ip=127.0.0.1
2026-04-10 10:58:19,475 | INFO | [AUTH] action=logout email=donutsample@gmail.com status=SUCCESS ip=127.0.0.1
2026-04-10 10:58:35,739 | INFO | [AUTH] action=login email=donuthole@gmail.com status=SUCCESS ip=127.0.0.1
2026-04-10 11:15:13,067 | INFO | [SYSTEM] event=STARTUP details=debug=False
2026-04-10 11:15:27,797 | INFO | [AUTH] action=login email=donutsample@gmail.com status=SUCCESS ip=127.0.0.1
2026-04-10 11:19:04,099 | INFO | [SYSTEM] event=STARTUP details=debug=False
2026-04-10 11:21:01,519 | INFO | [TRANSACTION] user_id=2 action=UPDATE_CART details=decrease product_id=5
2026-04-10 11:21:55,986 | INFO | [AUTH] action=logout email=donutsample@gmail.com status=SUCCESS ip=127.0.0.1
2026-04-10 11:22:48,496 | INFO | [AUTH] action=register email=donutsample2@gmail.com status=SUCCESS ip=127.0.0.1
2026-04-10 11:23:20,686 | INFO | [AUTH] action=login email=donutsample2@gmail.com status=SUCCESS ip=127.0.0.1
2026-04-10 11:23:42,675 | INFO | [TRANSACTION] user_id=3 action=ADD_TO_CART details=product_id=1
2026-04-10 11:23:45,172 | INFO | [TRANSACTION] user_id=3 action=ADD_TO_CART details=product_id=2
2026-04-10 11:23:55,108 | INFO | [TRANSACTION] user_id=3 action=CHECKOUT details=order_id=1 total=125.0
2026-04-10 11:27:06,357 | INFO | [AUTH] action=logout email=donutsample2@gmail.com status=SUCCESS ip=127.0.0.1
2026-04-10 11:28:06,471 | INFO | [AUTH] action=login email=donuthole@gmail.com status=SUCCESS ip=127.0.0.1
2026-04-10 11:28:57,930 | INFO | [TRANSACTION] user_id=1 action=ADD_TO_CART details=product_id=8
2026-04-10 11:29:05,978 | INFO | [TRANSACTION] user_id=1 action=CHECKOUT_INSUFFICIENT_STOCK details=product=Dubai Chewy Donut available=0 requested=1
2026-04-10 11:29:06,512 | INFO | [TRANSACTION] user_id=1 action=CHECKOUT_FAILED details=Insufficient stock for Dubai Chewy Donut. Available: 0, Requested: 1
2026-04-10 11:29:27,654 | INFO | [TRANSACTION] user_id=1 action=UPDATE_CART details=increase product_id=8
2026-04-10 11:29:33,061 | INFO | [TRANSACTION] user_id=1 action=CHECKOUT_INSUFFICIENT_STOCK details=product=Dubai Chewy Donut available=1 requested=2
2026-04-10 11:29:33,610 | INFO | [TRANSACTION] user_id=1 action=CHECKOUT_FAILED details=Insufficient stock for Dubai Chewy Donut. Available: 1, Requested: 2
2026-04-10 11:30:59,251 | INFO | [AUTH] action=logout email=donuthole@gmail.com status=SUCCESS ip=127.0.0.1
2026-04-10 11:31:09,806 | INFO | [AUTH] action=login email=donutsample@gmail.com status=SUCCESS ip=127.0.0.1
2026-04-10 11:31:27,608 | INFO | [TRANSACTION] user_id=2 action=CHECKOUT details=order_id=2 total=140.0
2026-04-10 11:31:43,287 | INFO | [AUTH] action=logout email=donutsample@gmail.com status=SUCCESS ip=127.0.0.1
2026-04-10 11:31:52,978 | INFO | [AUTH] action=login email=donutsample2@gmail.com status=SUCCESS ip=127.0.0.1
2026-04-10 11:32:11,505 | INFO | [AUTH] action=logout email=donutsample2@gmail.com status=SUCCESS ip=127.0.0.1
2026-04-10 11:32:23,057 | INFO | [AUTH] action=login email=donuthole@gmail.com status=SUCCESS ip=127.0.0.1
2026-04-10 11:34:17,354 | INFO | [AUTH] action=logout email=donuthole@gmail.com status=SUCCESS ip=127.0.0.1
2026-04-10 11:34:29,680 | INFO | [AUTH] action=login email=donutsample@gmail.com status=SUCCESS ip=127.0.0.1
2026-04-10 11:39:07,710 | INFO | [SYSTEM] event=STARTUP details=debug=False
2026-04-10 11:40:00,765 | ERROR | Unhandled Exception: Test generic error handler
Traceback (most recent call last):
  File "C:\Users\Axel Acosta\Documents\GitHub\ITSECWB-M1\venv\Lib\site-packages\flask\app.py", line 917, in full_dispatch_request
    rv = self.dispatch_request()
  File "C:\Users\Axel Acosta\Documents\GitHub\ITSECWB-M1\venv\Lib\site-packages\flask\app.py", line 902, in dispatch_request
    return self.ensure_sync(self.view_functions[rule.endpoint])(**view_args)  # type: ignore[no-any-return]
           ~~~~~~~~~~~~~~~~~~~~~~~~~~~~~~~~~~~~~~~~~~~~~~~~~~~~^^^^^^^^^^^^^
  File "C:\Users\Axel Acosta\Documents\GitHub\ITSECWB-M1\main.py", line 395, in test_error
    raise Exception("Test generic error handler")
Exception: Test generic error handler
2026-04-10 11:40:29,755 | INFO | [SYSTEM] event=STARTUP details=debug=True
2026-04-10 11:40:31,006 | INFO | [SYSTEM] event=STARTUP details=debug=True
2026-04-10 11:42:57,486 | INFO | [AUTH] action=logout email=donutsample@gmail.com status=SUCCESS ip=127.0.0.1
2026-04-10 11:43:15,934 | INFO | [AUTH] action=login email=donuthole@gmail.com status=SUCCESS ip=127.0.0.1
2026-04-10 11:53:22,221 | INFO | [SYSTEM] event=STARTUP details=debug=True
2026-04-10 13:08:36,326 | INFO | [SYSTEM] event=STARTUP details=debug=False
2026-04-10 13:08:47,936 | ERROR | Unhandled Exception: The session is unavailable because no secret key was set.  Set the secret_key on the application to something unique and secret.
Traceback (most recent call last):
  File "C:\Users\Alexis\ITSECWB-M1\venv\Lib\site-packages\flask\app.py", line 915, in full_dispatch_request
    rv = self.preprocess_request()
  File "C:\Users\Alexis\ITSECWB-M1\venv\Lib\site-packages\flask\app.py", line 1291, in preprocess_request
    rv = self.ensure_sync(before_func)()
  File "C:\Users\Alexis\ITSECWB-M1\main.py", line 284, in session_timeout_handler
    session.permanent = True
    ^^^^^^^^^^^^^^^^^
  File "C:\Users\Alexis\ITSECWB-M1\venv\Lib\site-packages\flask\sessions.py", line 34, in permanent
    self["_permanent"] = bool(value)
    ~~~~^^^^^^^^^^^^^^
  File "C:\Users\Alexis\ITSECWB-M1\venv\Lib\site-packages\flask\sessions.py", line 90, in _fail
    raise RuntimeError(
    ...<3 lines>...
    )
RuntimeError: The session is unavailable because no secret key was set.  Set the secret_key on the application to something unique and secret.
2026-04-10 13:08:48,634 | ERROR | Unhandled Exception: The session is unavailable because no secret key was set.  Set the secret_key on the application to something unique and secret.
Traceback (most recent call last):
  File "C:\Users\Alexis\ITSECWB-M1\venv\Lib\site-packages\flask\app.py", line 915, in full_dispatch_request
    rv = self.preprocess_request()
  File "C:\Users\Alexis\ITSECWB-M1\venv\Lib\site-packages\flask\app.py", line 1291, in preprocess_request
    rv = self.ensure_sync(before_func)()
  File "C:\Users\Alexis\ITSECWB-M1\main.py", line 284, in session_timeout_handler
    session.permanent = True
    ^^^^^^^^^^^^^^^^^
  File "C:\Users\Alexis\ITSECWB-M1\venv\Lib\site-packages\flask\sessions.py", line 34, in permanent
    self["_permanent"] = bool(value)
    ~~~~^^^^^^^^^^^^^^
  File "C:\Users\Alexis\ITSECWB-M1\venv\Lib\site-packages\flask\sessions.py", line 90, in _fail
    raise RuntimeError(
    ...<3 lines>...
    )
RuntimeError: The session is unavailable because no secret key was set.  Set the secret_key on the application to something unique and secret.
2026-04-10 13:09:18,324 | INFO | [SYSTEM] event=STARTUP details=debug=False
2026-04-10 13:09:37,173 | ERROR | Unhandled Exception: The session is unavailable because no secret key was set.  Set the secret_key on the application to something unique and secret.
Traceback (most recent call last):
  File "C:\Users\Alexis\ITSECWB-M1\venv\Lib\site-packages\flask\app.py", line 915, in full_dispatch_request
    rv = self.preprocess_request()
  File "C:\Users\Alexis\ITSECWB-M1\venv\Lib\site-packages\flask\app.py", line 1291, in preprocess_request
    rv = self.ensure_sync(before_func)()
  File "C:\Users\Alexis\ITSECWB-M1\main.py", line 284, in session_timeout_handler
    session.permanent = True
    ^^^^^^^^^^^^^^^^^
  File "C:\Users\Alexis\ITSECWB-M1\venv\Lib\site-packages\flask\sessions.py", line 34, in permanent
    self["_permanent"] = bool(value)
    ~~~~^^^^^^^^^^^^^^
  File "C:\Users\Alexis\ITSECWB-M1\venv\Lib\site-packages\flask\sessions.py", line 90, in _fail
    raise RuntimeError(
    ...<3 lines>...
    )
RuntimeError: The session is unavailable because no secret key was set.  Set the secret_key on the application to something unique and secret.
2026-04-10 13:09:40,612 | ERROR | Unhandled Exception: The session is unavailable because no secret key was set.  Set the secret_key on the application to something unique and secret.
Traceback (most recent call last):
  File "C:\Users\Alexis\ITSECWB-M1\venv\Lib\site-packages\flask\app.py", line 915, in full_dispatch_request
    rv = self.preprocess_request()
  File "C:\Users\Alexis\ITSECWB-M1\venv\Lib\site-packages\flask\app.py", line 1291, in preprocess_request
    rv = self.ensure_sync(before_func)()
  File "C:\Users\Alexis\ITSECWB-M1\main.py", line 284, in session_timeout_handler
    session.permanent = True
    ^^^^^^^^^^^^^^^^^
  File "C:\Users\Alexis\ITSECWB-M1\venv\Lib\site-packages\flask\sessions.py", line 34, in permanent
    self["_permanent"] = bool(value)
    ~~~~^^^^^^^^^^^^^^
  File "C:\Users\Alexis\ITSECWB-M1\venv\Lib\site-packages\flask\sessions.py", line 90, in _fail
    raise RuntimeError(
    ...<3 lines>...
    )
RuntimeError: The session is unavailable because no secret key was set.  Set the secret_key on the application to something unique and secret.
2026-04-10 13:09:40,844 | ERROR | Unhandled Exception: The session is unavailable because no secret key was set.  Set the secret_key on the application to something unique and secret.
Traceback (most recent call last):
  File "C:\Users\Alexis\ITSECWB-M1\venv\Lib\site-packages\flask\app.py", line 915, in full_dispatch_request
    rv = self.preprocess_request()
  File "C:\Users\Alexis\ITSECWB-M1\venv\Lib\site-packages\flask\app.py", line 1291, in preprocess_request
    rv = self.ensure_sync(before_func)()
  File "C:\Users\Alexis\ITSECWB-M1\main.py", line 284, in session_timeout_handler
    session.permanent = True
    ^^^^^^^^^^^^^^^^^
  File "C:\Users\Alexis\ITSECWB-M1\venv\Lib\site-packages\flask\sessions.py", line 34, in permanent
    self["_permanent"] = bool(value)
    ~~~~^^^^^^^^^^^^^^
  File "C:\Users\Alexis\ITSECWB-M1\venv\Lib\site-packages\flask\sessions.py", line 90, in _fail
    raise RuntimeError(
    ...<3 lines>...
    )
RuntimeError: The session is unavailable because no secret key was set.  Set the secret_key on the application to something unique and secret.
2026-04-10 13:10:19,843 | ERROR | Unhandled Exception: The session is unavailable because no secret key was set.  Set the secret_key on the application to something unique and secret.
Traceback (most recent call last):
  File "C:\Users\Alexis\ITSECWB-M1\venv\Lib\site-packages\flask\app.py", line 915, in full_dispatch_request
    rv = self.preprocess_request()
  File "C:\Users\Alexis\ITSECWB-M1\venv\Lib\site-packages\flask\app.py", line 1291, in preprocess_request
    rv = self.ensure_sync(before_func)()
  File "C:\Users\Alexis\ITSECWB-M1\main.py", line 284, in session_timeout_handler
    session.permanent = True
    ^^^^^^^^^^^^^^^^^
  File "C:\Users\Alexis\ITSECWB-M1\venv\Lib\site-packages\flask\sessions.py", line 34, in permanent
    self["_permanent"] = bool(value)
    ~~~~^^^^^^^^^^^^^^
  File "C:\Users\Alexis\ITSECWB-M1\venv\Lib\site-packages\flask\sessions.py", line 90, in _fail
    raise RuntimeError(
    ...<3 lines>...
    )
RuntimeError: The session is unavailable because no secret key was set.  Set the secret_key on the application to something unique and secret.
2026-04-10 13:10:20,087 | ERROR | Unhandled Exception: The session is unavailable because no secret key was set.  Set the secret_key on the application to something unique and secret.
Traceback (most recent call last):
  File "C:\Users\Alexis\ITSECWB-M1\venv\Lib\site-packages\flask\app.py", line 915, in full_dispatch_request
    rv = self.preprocess_request()
  File "C:\Users\Alexis\ITSECWB-M1\venv\Lib\site-packages\flask\app.py", line 1291, in preprocess_request
    rv = self.ensure_sync(before_func)()
  File "C:\Users\Alexis\ITSECWB-M1\main.py", line 284, in session_timeout_handler
    session.permanent = True
    ^^^^^^^^^^^^^^^^^
  File "C:\Users\Alexis\ITSECWB-M1\venv\Lib\site-packages\flask\sessions.py", line 34, in permanent
    self["_permanent"] = bool(value)
    ~~~~^^^^^^^^^^^^^^
  File "C:\Users\Alexis\ITSECWB-M1\venv\Lib\site-packages\flask\sessions.py", line 90, in _fail
    raise RuntimeError(
    ...<3 lines>...
    )
RuntimeError: The session is unavailable because no secret key was set.  Set the secret_key on the application to something unique and secret.
2026-04-10 13:10:20,119 | ERROR | Unhandled Exception: The session is unavailable because no secret key was set.  Set the secret_key on the application to something unique and secret.
Traceback (most recent call last):
  File "C:\Users\Alexis\ITSECWB-M1\venv\Lib\site-packages\flask\app.py", line 915, in full_dispatch_request
    rv = self.preprocess_request()
  File "C:\Users\Alexis\ITSECWB-M1\venv\Lib\site-packages\flask\app.py", line 1291, in preprocess_request
    rv = self.ensure_sync(before_func)()
  File "C:\Users\Alexis\ITSECWB-M1\main.py", line 284, in session_timeout_handler
    session.permanent = True
    ^^^^^^^^^^^^^^^^^
  File "C:\Users\Alexis\ITSECWB-M1\venv\Lib\site-packages\flask\sessions.py", line 34, in permanent
    self["_permanent"] = bool(value)
    ~~~~^^^^^^^^^^^^^^
  File "C:\Users\Alexis\ITSECWB-M1\venv\Lib\site-packages\flask\sessions.py", line 90, in _fail
    raise RuntimeError(
    ...<3 lines>...
    )
RuntimeError: The session is unavailable because no secret key was set.  Set the secret_key on the application to something unique and secret.
2026-04-10 13:10:21,340 | ERROR | Unhandled Exception: The session is unavailable because no secret key was set.  Set the secret_key on the application to something unique and secret.
Traceback (most recent call last):
  File "C:\Users\Alexis\ITSECWB-M1\venv\Lib\site-packages\flask\app.py", line 915, in full_dispatch_request
    rv = self.preprocess_request()
  File "C:\Users\Alexis\ITSECWB-M1\venv\Lib\site-packages\flask\app.py", line 1291, in preprocess_request
    rv = self.ensure_sync(before_func)()
  File "C:\Users\Alexis\ITSECWB-M1\main.py", line 284, in session_timeout_handler
    session.permanent = True
    ^^^^^^^^^^^^^^^^^
  File "C:\Users\Alexis\ITSECWB-M1\venv\Lib\site-packages\flask\sessions.py", line 34, in permanent
    self["_permanent"] = bool(value)
    ~~~~^^^^^^^^^^^^^^
  File "C:\Users\Alexis\ITSECWB-M1\venv\Lib\site-packages\flask\sessions.py", line 90, in _fail
    raise RuntimeError(
    ...<3 lines>...
    )
RuntimeError: The session is unavailable because no secret key was set.  Set the secret_key on the application to something unique and secret.
2026-04-10 13:10:21,604 | ERROR | Unhandled Exception: The session is unavailable because no secret key was set.  Set the secret_key on the application to something unique and secret.
Traceback (most recent call last):
  File "C:\Users\Alexis\ITSECWB-M1\venv\Lib\site-packages\flask\app.py", line 915, in full_dispatch_request
    rv = self.preprocess_request()
  File "C:\Users\Alexis\ITSECWB-M1\venv\Lib\site-packages\flask\app.py", line 1291, in preprocess_request
    rv = self.ensure_sync(before_func)()
  File "C:\Users\Alexis\ITSECWB-M1\main.py", line 284, in session_timeout_handler
    session.permanent = True
    ^^^^^^^^^^^^^^^^^
  File "C:\Users\Alexis\ITSECWB-M1\venv\Lib\site-packages\flask\sessions.py", line 34, in permanent
    self["_permanent"] = bool(value)
    ~~~~^^^^^^^^^^^^^^
  File "C:\Users\Alexis\ITSECWB-M1\venv\Lib\site-packages\flask\sessions.py", line 90, in _fail
    raise RuntimeError(
    ...<3 lines>...
    )
RuntimeError: The session is unavailable because no secret key was set.  Set the secret_key on the application to something unique and secret.
2026-04-10 13:10:21,637 | ERROR | Unhandled Exception: The session is unavailable because no secret key was set.  Set the secret_key on the application to something unique and secret.
Traceback (most recent call last):
  File "C:\Users\Alexis\ITSECWB-M1\venv\Lib\site-packages\flask\app.py", line 915, in full_dispatch_request
    rv = self.preprocess_request()
  File "C:\Users\Alexis\ITSECWB-M1\venv\Lib\site-packages\flask\app.py", line 1291, in preprocess_request
    rv = self.ensure_sync(before_func)()
  File "C:\Users\Alexis\ITSECWB-M1\main.py", line 284, in session_timeout_handler
    session.permanent = True
    ^^^^^^^^^^^^^^^^^
  File "C:\Users\Alexis\ITSECWB-M1\venv\Lib\site-packages\flask\sessions.py", line 34, in permanent
    self["_permanent"] = bool(value)
    ~~~~^^^^^^^^^^^^^^
  File "C:\Users\Alexis\ITSECWB-M1\venv\Lib\site-packages\flask\sessions.py", line 90, in _fail
    raise RuntimeError(
    ...<3 lines>...
    )
RuntimeError: The session is unavailable because no secret key was set.  Set the secret_key on the application to something unique and secret.
2026-04-10 13:10:29,264 | INFO | [SYSTEM] event=STARTUP details=debug=False
2026-04-10 13:14:14,899 | INFO | [AUTH] action=login email=donuthole@gmail.com status=FAILED ip=127.0.0.1
2026-04-10 13:14:28,662 | INFO | [AUTH] action=login email=donuthole@gmail.com status=SUCCESS ip=127.0.0.1
2026-04-10 13:25:36,583 | INFO | [SYSTEM] event=STARTUP details=debug=False
